<?xml version="1.0" encoding="UTF-8"?>
<testng-results ignored="0" total="1" passed="1" failed="0" skipped="0">
  <reporter-output>
  </reporter-output>
  <suite started-at="2023-07-16T13:58:58 IST" name="BlogSuite" finished-at="2023-07-16T13:59:56 IST" duration-ms="58385">
    <groups>
    </groups>
    <test started-at="2023-07-16T13:58:58 IST" name="Chrome Test1" finished-at="2023-07-16T13:59:56 IST" duration-ms="58385">
      <class name="Google">
        <test-method is-config="true" signature="setUp()[pri:0, instance:Google@7c7a06ec]" started-at="2023-07-16T13:58:58 IST" name="setUp" finished-at="2023-07-16T13:59:41 IST" duration-ms="43189" status="PASS">
          <reporter-output>
          </reporter-output>
        </test-method> <!-- setUp -->
        <test-method signature="openGoogle(java.lang.String)[pri:0, instance:Google@7c7a06ec]" started-at="2023-07-16T13:59:41 IST" name="openGoogle" finished-at="2023-07-16T13:59:54 IST" duration-ms="13084" status="PASS">
          <params>
            <param index="0">
              <value>
                <![CDATA[5555]]>
              </value>
            </param>
          </params>
          <reporter-output>
          </reporter-output>
        </test-method> <!-- openGoogle -->
        <test-method is-config="true" signature="closeBrowser()[pri:0, instance:Google@7c7a06ec]" started-at="2023-07-16T13:59:54 IST" name="closeBrowser" finished-at="2023-07-16T13:59:56 IST" duration-ms="2049" status="PASS">
          <reporter-output>
          </reporter-output>
        </test-method> <!-- closeBrowser -->
      </class> <!-- Google -->
    </test> <!-- Chrome Test1 -->
  </suite> <!-- BlogSuite -->
</testng-results>
